Started GET "/static_pages/home" for ::1 at 2021-11-29 13:57:24 +0900
Processing by StaticPagesController#home as HTML
  Rendering static_pages/home.html.erb within layouts/application
  Rendered static_pages/home.html.erb within layouts/application (1.9ms)
Completed 200 OK in 1922ms (Views: 1912.0ms | ActiveRecord: 0.0ms)


Started GET "/static_pages/home" for ::1 at 2021-11-29 14:09:52 +0900
Processing by StaticPagesController#home as HTML
  Rendering static_pages/home.html.erb within layouts/application
  Rendered static_pages/home.html.erb within layouts/application (1.1ms)
Completed 200 OK in 178ms (Views: 172.0ms | ActiveRecord: 0.0ms)


Started GET "/static_pages/about" for ::1 at 2021-11-29 14:23:59 +0900
Processing by StaticPagesController#about as HTML
  Rendering static_pages/about.html.erb within layouts/application
  Rendered static_pages/about.html.erb within layouts/application (0.5ms)
Completed 200 OK in 53ms (Views: 51.3ms | ActiveRecord: 0.0ms)


Started GET "/static_pages/about" for ::1 at 2021-11-29 14:29:09 +0900
Processing by StaticPagesController#about as HTML
  Rendering static_pages/about.html.erb within layouts/application
  Rendered static_pages/about.html.erb within layouts/application (0.5ms)
Completed 200 OK in 53ms (Views: 50.8ms | ActiveRecord: 0.0ms)


Started GET "/static_pages/home" for ::1 at 2021-11-29 19:11:16 +0900
Processing by StaticPagesController#home as HTML
  Rendering static_pages/home.html.erb within layouts/application
  Rendered static_pages/home.html.erb within layouts/application (1.7ms)
Completed 200 OK in 272ms (Views: 262.7ms | ActiveRecord: 0.0ms)


Started GET "/static_pages/home" for ::1 at 2021-11-29 19:12:02 +0900
Processing by StaticPagesController#home as HTML
  Rendering static_pages/home.html.erb within layouts/application
  Rendered static_pages/home.html.erb within layouts/application (5.2ms)
Completed 200 OK in 120ms (Views: 118.4ms | ActiveRecord: 0.0ms)


Started GET "/static_pages/about" for ::1 at 2021-11-29 19:12:59 +0900
Processing by StaticPagesController#about as HTML
  Rendering static_pages/about.html.erb within layouts/application
  Rendered static_pages/about.html.erb within layouts/application (0.6ms)
Completed 200 OK in 101ms (Views: 93.6ms | ActiveRecord: 0.0ms)


Started GET "/static_pages/home" for ::1 at 2021-11-29 19:13:07 +0900
Processing by StaticPagesController#home as HTML
  Rendering static_pages/home.html.erb within layouts/application
  Rendered static_pages/home.html.erb within layouts/application (4.5ms)
Completed 200 OK in 53ms (Views: 47.9ms | ActiveRecord: 0.0ms)


Started GET "/static_pages/home" for ::1 at 2021-11-29 19:15:55 +0900
Processing by StaticPagesController#home as HTML
  Rendering static_pages/home.html.erb
  Rendered static_pages/home.html.erb (0.5ms)
Completed 200 OK in 18ms (Views: 4.4ms | ActiveRecord: 0.0ms)


Started GET "/static_pages/contact" for ::1 at 2021-11-29 19:50:36 +0900
Processing by StaticPagesController#contact as HTML
  Rendering static_pages/contact.html.erb within layouts/application
  Rendered static_pages/contact.html.erb within layouts/application (0.5ms)
Completed 200 OK in 28ms (Views: 26.6ms | ActiveRecord: 0.0ms)


